1730998347.471067 client started (30365): version 3.5a, socket /private/tmp/tmux-501/default, protocol 8
1730998347.471161 on Darwin 23.6.0 Darwin Kernel Version 23.6.0: Mon Jul 29 21:14:30 PDT 2024; root:xnu-10063.141.2~1/RELEASE_ARM64_T6030
1730998347.471178 using libevent 2.1.12-stable select
1730998347.471573 using utf8proc 2.9.0
1730998347.471602 using ncurses 6.5 20240427
1730998347.471642 flags are 0x10010000
1730998347.471657 socket is /private/tmp/tmux-501/default
1730998347.471675 trying connect
1730998347.471747 add peer 0x128008000: 6 (0x0)
1730998347.474832 sending message 111 to peer 0x128008000 (8 bytes)
1730998347.474856 sending message 111 to peer 0x128008000 (8 bytes)
1730998347.474865 sending message 101 to peer 0x128008000 (15 bytes)
1730998347.474873 sending message 109 to peer 0x128008000 (4 bytes)
1730998347.474880 sending message 102 to peer 0x128008000 (13 bytes)
1730998347.474887 sending message 108 to peer 0x128008000 (35 bytes)
1730998347.474894 sending message 112 to peer 0x128008000 (58 bytes)
1730998347.474901 sending message 112 to peer 0x128008000 (5 bytes)
1730998347.474908 sending message 112 to peer 0x128008000 (5 bytes)
1730998347.474915 sending message 112 to peer 0x128008000 (6 bytes)
1730998347.474922 sending message 112 to peer 0x128008000 (6 bytes)
1730998347.474929 sending message 112 to peer 0x128008000 (11 bytes)
1730998347.474936 sending message 112 to peer 0x128008000 (10 bytes)
1730998347.474943 sending message 112 to peer 0x128008000 (13 bytes)
1730998347.474949 sending message 112 to peer 0x128008000 (14 bytes)
1730998347.474956 sending message 112 to peer 0x128008000 (19 bytes)
1730998347.474963 sending message 112 to peer 0x128008000 (11 bytes)
1730998347.474970 sending message 112 to peer 0x128008000 (10 bytes)
1730998347.474977 sending message 112 to peer 0x128008000 (15 bytes)
1730998347.474984 sending message 112 to peer 0x128008000 (21 bytes)
1730998347.474990 sending message 112 to peer 0x128008000 (13 bytes)
1730998347.474997 sending message 112 to peer 0x128008000 (7 bytes)
1730998347.475004 sending message 112 to peer 0x128008000 (13 bytes)
1730998347.475010 sending message 112 to peer 0x128008000 (7 bytes)
1730998347.475017 sending message 112 to peer 0x128008000 (13 bytes)
1730998347.475024 sending message 112 to peer 0x128008000 (9 bytes)
1730998347.475031 sending message 112 to peer 0x128008000 (21 bytes)
1730998347.475037 sending message 112 to peer 0x128008000 (13 bytes)
1730998347.475044 sending message 112 to peer 0x128008000 (9 bytes)
1730998347.475051 sending message 112 to peer 0x128008000 (16 bytes)
1730998347.475057 sending message 112 to peer 0x128008000 (13 bytes)
1730998347.475064 sending message 112 to peer 0x128008000 (9 bytes)
1730998347.475071 sending message 112 to peer 0x128008000 (9 bytes)
1730998347.475078 sending message 112 to peer 0x128008000 (12 bytes)
1730998347.475084 sending message 112 to peer 0x128008000 (8 bytes)
1730998347.475091 sending message 112 to peer 0x128008000 (8 bytes)
1730998347.475098 sending message 112 to peer 0x128008000 (13 bytes)
1730998347.475104 sending message 112 to peer 0x128008000 (7 bytes)
1730998347.475111 sending message 112 to peer 0x128008000 (7 bytes)
1730998347.475118 sending message 112 to peer 0x128008000 (9 bytes)
1730998347.475124 sending message 112 to peer 0x128008000 (9 bytes)
1730998347.475131 sending message 112 to peer 0x128008000 (15 bytes)
1730998347.475138 sending message 112 to peer 0x128008000 (13 bytes)
1730998347.475145 sending message 112 to peer 0x128008000 (12 bytes)
1730998347.475151 sending message 112 to peer 0x128008000 (8 bytes)
1730998347.475158 sending message 112 to peer 0x128008000 (14 bytes)
1730998347.475165 sending message 112 to peer 0x128008000 (11 bytes)
1730998347.475171 sending message 112 to peer 0x128008000 (9 bytes)
1730998347.475178 sending message 112 to peer 0x128008000 (10 bytes)
1730998347.475185 sending message 112 to peer 0x128008000 (10 bytes)
1730998347.475192 sending message 112 to peer 0x128008000 (10 bytes)
1730998347.475198 sending message 112 to peer 0x128008000 (10 bytes)
1730998347.475224 sending message 112 to peer 0x128008000 (11 bytes)
1730998347.475230 sending message 112 to peer 0x128008000 (12 bytes)
1730998347.475234 sending message 112 to peer 0x128008000 (12 bytes)
1730998347.475239 sending message 112 to peer 0x128008000 (12 bytes)
1730998347.475243 sending message 112 to peer 0x128008000 (12 bytes)
1730998347.475248 sending message 112 to peer 0x128008000 (12 bytes)
1730998347.475252 sending message 112 to peer 0x128008000 (11 bytes)
1730998347.475257 sending message 112 to peer 0x128008000 (11 bytes)
1730998347.475261 sending message 112 to peer 0x128008000 (12 bytes)
1730998347.475266 sending message 112 to peer 0x128008000 (12 bytes)
1730998347.475270 sending message 112 to peer 0x128008000 (12 bytes)
1730998347.475274 sending message 112 to peer 0x128008000 (12 bytes)
1730998347.475279 sending message 112 to peer 0x128008000 (12 bytes)
1730998347.475283 sending message 112 to peer 0x128008000 (9 bytes)
1730998347.475288 sending message 112 to peer 0x128008000 (12 bytes)
1730998347.475292 sending message 112 to peer 0x128008000 (13 bytes)
1730998347.475296 sending message 112 to peer 0x128008000 (13 bytes)
1730998347.475301 sending message 112 to peer 0x128008000 (13 bytes)
1730998347.475305 sending message 112 to peer 0x128008000 (13 bytes)
1730998347.475310 sending message 112 to peer 0x128008000 (13 bytes)
1730998347.475314 sending message 112 to peer 0x128008000 (8 bytes)
1730998347.475318 sending message 112 to peer 0x128008000 (11 bytes)
1730998347.475323 sending message 112 to peer 0x128008000 (11 bytes)
1730998347.475327 sending message 112 to peer 0x128008000 (11 bytes)
1730998347.475332 sending message 112 to peer 0x128008000 (12 bytes)
1730998347.475336 sending message 112 to peer 0x128008000 (12 bytes)
1730998347.475340 sending message 112 to peer 0x128008000 (12 bytes)
1730998347.475345 sending message 112 to peer 0x128008000 (12 bytes)
1730998347.475349 sending message 112 to peer 0x128008000 (13 bytes)
1730998347.475354 sending message 112 to peer 0x128008000 (13 bytes)
1730998347.475358 sending message 112 to peer 0x128008000 (13 bytes)
1730998347.475362 sending message 112 to peer 0x128008000 (8 bytes)
1730998347.475367 sending message 112 to peer 0x128008000 (13 bytes)
1730998347.475371 sending message 112 to peer 0x128008000 (13 bytes)
1730998347.475375 sending message 112 to peer 0x128008000 (13 bytes)
1730998347.475380 sending message 112 to peer 0x128008000 (13 bytes)
1730998347.475384 sending message 112 to peer 0x128008000 (13 bytes)
1730998347.475389 sending message 112 to peer 0x128008000 (12 bytes)
1730998347.475393 sending message 112 to peer 0x128008000 (12 bytes)
1730998347.475397 sending message 112 to peer 0x128008000 (12 bytes)
1730998347.475402 sending message 112 to peer 0x128008000 (12 bytes)
1730998347.475406 sending message 112 to peer 0x128008000 (13 bytes)
1730998347.475411 sending message 112 to peer 0x128008000 (8 bytes)
1730998347.475415 sending message 112 to peer 0x128008000 (13 bytes)
1730998347.475419 sending message 112 to peer 0x128008000 (13 bytes)
1730998347.475424 sending message 112 to peer 0x128008000 (13 bytes)
1730998347.475428 sending message 112 to peer 0x128008000 (13 bytes)
1730998347.475432 sending message 112 to peer 0x128008000 (13 bytes)
1730998347.475437 sending message 112 to peer 0x128008000 (13 bytes)
1730998347.475441 sending message 112 to peer 0x128008000 (13 bytes)
1730998347.475445 sending message 112 to peer 0x128008000 (12 bytes)
1730998347.475450 sending message 112 to peer 0x128008000 (12 bytes)
1730998347.475454 sending message 112 to peer 0x128008000 (12 bytes)
1730998347.475458 sending message 112 to peer 0x128008000 (8 bytes)
1730998347.475463 sending message 112 to peer 0x128008000 (12 bytes)
1730998347.475467 sending message 112 to peer 0x128008000 (13 bytes)
1730998347.475472 sending message 112 to peer 0x128008000 (13 bytes)
1730998347.475476 sending message 112 to peer 0x128008000 (13 bytes)
1730998347.475480 sending message 112 to peer 0x128008000 (13 bytes)
1730998347.475485 sending message 112 to peer 0x128008000 (13 bytes)
1730998347.475499 sending message 112 to peer 0x128008000 (13 bytes)
1730998347.475504 sending message 112 to peer 0x128008000 (13 bytes)
1730998347.475508 sending message 112 to peer 0x128008000 (13 bytes)
1730998347.475513 sending message 112 to peer 0x128008000 (12 bytes)
1730998347.475517 sending message 112 to peer 0x128008000 (10 bytes)
1730998347.475522 sending message 112 to peer 0x128008000 (12 bytes)
1730998347.475526 sending message 112 to peer 0x128008000 (12 bytes)
1730998347.475530 sending message 112 to peer 0x128008000 (12 bytes)
1730998347.475535 sending message 112 to peer 0x128008000 (13 bytes)
1730998347.475539 sending message 112 to peer 0x128008000 (13 bytes)
1730998347.475544 sending message 112 to peer 0x128008000 (13 bytes)
1730998347.475548 sending message 112 to peer 0x128008000 (13 bytes)
1730998347.475552 sending message 112 to peer 0x128008000 (13 bytes)
1730998347.475557 sending message 112 to peer 0x128008000 (13 bytes)
1730998347.475561 sending message 112 to peer 0x128008000 (13 bytes)
1730998347.475565 sending message 112 to peer 0x128008000 (10 bytes)
1730998347.475570 sending message 112 to peer 0x128008000 (13 bytes)
1730998347.475574 sending message 112 to peer 0x128008000 (12 bytes)
1730998347.475578 sending message 112 to peer 0x128008000 (12 bytes)
1730998347.475583 sending message 112 to peer 0x128008000 (12 bytes)
1730998347.475587 sending message 112 to peer 0x128008000 (10 bytes)
1730998347.475591 sending message 112 to peer 0x128008000 (10 bytes)
1730998347.475596 sending message 112 to peer 0x128008000 (10 bytes)
1730998347.475600 sending message 112 to peer 0x128008000 (12 bytes)
1730998347.475605 sending message 112 to peer 0x128008000 (13 bytes)
1730998347.475609 sending message 112 to peer 0x128008000 (13 bytes)
1730998347.475613 sending message 112 to peer 0x128008000 (13 bytes)
1730998347.475618 sending message 112 to peer 0x128008000 (13 bytes)
1730998347.475622 sending message 112 to peer 0x128008000 (13 bytes)
1730998347.475626 sending message 112 to peer 0x128008000 (10 bytes)
1730998347.475630 sending message 112 to peer 0x128008000 (11 bytes)
1730998347.475635 sending message 112 to peer 0x128008000 (12 bytes)
1730998347.475639 sending message 112 to peer 0x128008000 (12 bytes)
1730998347.475644 sending message 112 to peer 0x128008000 (12 bytes)
1730998347.475648 sending message 112 to peer 0x128008000 (12 bytes)
1730998347.475652 sending message 112 to peer 0x128008000 (12 bytes)
1730998347.475657 sending message 112 to peer 0x128008000 (11 bytes)
1730998347.475661 sending message 112 to peer 0x128008000 (12 bytes)
1730998347.475665 sending message 112 to peer 0x128008000 (12 bytes)
1730998347.475670 sending message 112 to peer 0x128008000 (13 bytes)
1730998347.475674 sending message 112 to peer 0x128008000 (13 bytes)
1730998347.475678 sending message 112 to peer 0x128008000 (13 bytes)
1730998347.475683 sending message 112 to peer 0x128008000 (13 bytes)
1730998347.475687 sending message 112 to peer 0x128008000 (13 bytes)
1730998347.475691 sending message 112 to peer 0x128008000 (10 bytes)
1730998347.475696 sending message 112 to peer 0x128008000 (9 bytes)
1730998347.475701 sending message 112 to peer 0x128008000 (12 bytes)
1730998347.475705 sending message 112 to peer 0x128008000 (13 bytes)
1730998347.475709 sending message 112 to peer 0x128008000 (13 bytes)
1730998347.475714 sending message 112 to peer 0x128008000 (13 bytes)
1730998347.475718 sending message 112 to peer 0x128008000 (13 bytes)
1730998347.475722 sending message 112 to peer 0x128008000 (13 bytes)
1730998347.475727 sending message 112 to peer 0x128008000 (9 bytes)
1730998347.475731 sending message 112 to peer 0x128008000 (12 bytes)
1730998347.475735 sending message 112 to peer 0x128008000 (13 bytes)
1730998347.475740 sending message 112 to peer 0x128008000 (13 bytes)
1730998347.475744 sending message 112 to peer 0x128008000 (13 bytes)
1730998347.475748 sending message 112 to peer 0x128008000 (13 bytes)
1730998347.475753 sending message 112 to peer 0x128008000 (13 bytes)
1730998347.475766 sending message 112 to peer 0x128008000 (11 bytes)
1730998347.475770 sending message 112 to peer 0x128008000 (12 bytes)
1730998347.475774 sending message 112 to peer 0x128008000 (13 bytes)
1730998347.475778 sending message 112 to peer 0x128008000 (13 bytes)
1730998347.475782 sending message 112 to peer 0x128008000 (13 bytes)
1730998347.475786 sending message 112 to peer 0x128008000 (13 bytes)
1730998347.475789 sending message 112 to peer 0x128008000 (13 bytes)
1730998347.475793 sending message 112 to peer 0x128008000 (11 bytes)
1730998347.475797 sending message 112 to peer 0x128008000 (12 bytes)
1730998347.475801 sending message 112 to peer 0x128008000 (12 bytes)
1730998347.475804 sending message 112 to peer 0x128008000 (12 bytes)
1730998347.475808 sending message 112 to peer 0x128008000 (12 bytes)
1730998347.475812 sending message 112 to peer 0x128008000 (12 bytes)
1730998347.475815 sending message 112 to peer 0x128008000 (21 bytes)
1730998347.475819 sending message 112 to peer 0x128008000 (12 bytes)
1730998347.475823 sending message 112 to peer 0x128008000 (9 bytes)
1730998347.475827 sending message 112 to peer 0x128008000 (6 bytes)
1730998347.475830 sending message 112 to peer 0x128008000 (13 bytes)
1730998347.475834 sending message 112 to peer 0x128008000 (10 bytes)
1730998347.475838 sending message 112 to peer 0x128008000 (24 bytes)
1730998347.475841 sending message 112 to peer 0x128008000 (13 bytes)
1730998347.475845 sending message 112 to peer 0x128008000 (9 bytes)
1730998347.475849 sending message 112 to peer 0x128008000 (70 bytes)
1730998347.475853 sending message 112 to peer 0x128008000 (69 bytes)
1730998347.475856 sending message 112 to peer 0x128008000 (12 bytes)
1730998347.475860 sending message 112 to peer 0x128008000 (10 bytes)
1730998347.475864 sending message 112 to peer 0x128008000 (10 bytes)
1730998347.475868 sending message 112 to peer 0x128008000 (24 bytes)
1730998347.475871 sending message 112 to peer 0x128008000 (13 bytes)
1730998347.475875 sending message 112 to peer 0x128008000 (10 bytes)
1730998347.475879 sending message 112 to peer 0x128008000 (10 bytes)
1730998347.475882 sending message 112 to peer 0x128008000 (10 bytes)
1730998347.475886 sending message 112 to peer 0x128008000 (13 bytes)
1730998347.475890 sending message 112 to peer 0x128008000 (15 bytes)
1730998347.475894 sending message 112 to peer 0x128008000 (5 bytes)
1730998347.475899 sending message 104 to peer 0x128008000 (0 bytes)
1730998347.475903 sending message 110 to peer 0x128008000 (0 bytes)
1730998347.475907 sending message 107 to peer 0x128008000 (4 bytes)
1730998347.475911 sending message 105 to peer 0x128008000 (39 bytes)
1730998347.475915 sending message 105 to peer 0x128008000 (60 bytes)
1730998347.475918 sending message 105 to peer 0x128008000 (17 bytes)
1730998347.475922 sending message 105 to peer 0x128008000 (72 bytes)
1730998347.475926 sending message 105 to peer 0x128008000 (67 bytes)
1730998347.475930 sending message 105 to peer 0x128008000 (34 bytes)
1730998347.475934 sending message 105 to peer 0x128008000 (60 bytes)
1730998347.475937 sending message 105 to peer 0x128008000 (10 bytes)
1730998347.475941 sending message 105 to peer 0x128008000 (14 bytes)
1730998347.475945 sending message 105 to peer 0x128008000 (9 bytes)
1730998347.475949 sending message 105 to peer 0x128008000 (9 bytes)
1730998347.475953 sending message 105 to peer 0x128008000 (42 bytes)
1730998347.475956 sending message 105 to peer 0x128008000 (44 bytes)
1730998347.475960 sending message 105 to peer 0x128008000 (29 bytes)
1730998347.475964 sending message 105 to peer 0x128008000 (18 bytes)
1730998347.475967 sending message 105 to peer 0x128008000 (26 bytes)
1730998347.475971 sending message 105 to peer 0x128008000 (198 bytes)
1730998347.475975 sending message 105 to peer 0x128008000 (20 bytes)
1730998347.475979 sending message 105 to peer 0x128008000 (20 bytes)
1730998347.475983 sending message 105 to peer 0x128008000 (57 bytes)
1730998347.475986 sending message 105 to peer 0x128008000 (66 bytes)
1730998347.476000 sending message 105 to peer 0x128008000 (17 bytes)
1730998347.476004 sending message 105 to peer 0x128008000 (15 bytes)
1730998347.476008 sending message 105 to peer 0x128008000 (22 bytes)
1730998347.476012 sending message 105 to peer 0x128008000 (793 bytes)
1730998347.476016 sending message 105 to peer 0x128008000 (35 bytes)
1730998347.476020 sending message 105 to peer 0x128008000 (59 bytes)
1730998347.476023 sending message 105 to peer 0x128008000 (35 bytes)
1730998347.476027 sending message 105 to peer 0x128008000 (45 bytes)
1730998347.476031 sending message 105 to peer 0x128008000 (38 bytes)
1730998347.476037 sending message 105 to peer 0x128008000 (13 bytes)
1730998347.476041 sending message 105 to peer 0x128008000 (30 bytes)
1730998347.476045 sending message 105 to peer 0x128008000 (38 bytes)
1730998347.476049 sending message 105 to peer 0x128008000 (17 bytes)
1730998347.476053 sending message 105 to peer 0x128008000 (19 bytes)
1730998347.476056 sending message 105 to peer 0x128008000 (10 bytes)
1730998347.476060 sending message 105 to peer 0x128008000 (8 bytes)
1730998347.476064 sending message 105 to peer 0x128008000 (70 bytes)
1730998347.476068 sending message 105 to peer 0x128008000 (34 bytes)
1730998347.476072 sending message 105 to peer 0x128008000 (64 bytes)
1730998347.476075 sending message 105 to peer 0x128008000 (38 bytes)
1730998347.476079 sending message 105 to peer 0x128008000 (38 bytes)
1730998347.476083 sending message 105 to peer 0x128008000 (36 bytes)
1730998347.476087 sending message 105 to peer 0x128008000 (37 bytes)
1730998347.476091 sending message 105 to peer 0x128008000 (12 bytes)
1730998347.476094 sending message 105 to peer 0x128008000 (20 bytes)
1730998347.476098 sending message 105 to peer 0x128008000 (14 bytes)
1730998347.476102 sending message 105 to peer 0x128008000 (22 bytes)
1730998347.476106 sending message 105 to peer 0x128008000 (27 bytes)
1730998347.476110 sending message 105 to peer 0x128008000 (47 bytes)
1730998347.476113 sending message 105 to peer 0x128008000 (25 bytes)
1730998347.476117 sending message 105 to peer 0x128008000 (51 bytes)
1730998347.476121 sending message 106 to peer 0x128008000 (0 bytes)
1730998347.476189 sending message 200 to peer 0x128008000 (4 bytes)
1730998347.476196 client loop enter
1730998347.476449 peer 0x128008000 message 303
1730998347.476459 open write file 2 -
1730998347.476472 sending message 305 to peer 0x128008000 (8 bytes)
1730998347.476484 write check file 2
1730998347.476514 peer 0x128008000 message 304
1730998347.476519 write 58 to file 2
1730998347.476524 peer 0x128008000 message 203
1730998347.476528 file 2 58 bytes left
1730998347.476541 write check file 2
1730998347.476546 client loop exit
